0 info it worked if it ends with ok
1 verbose cli [ '/usr/bin/node', '/usr/bin/npm', 'run', 'build+start' ]
2 info using npm@3.5.2
3 info using node@v8.10.0
4 verbose run-script [ 'prebuild+start', 'build+start', 'postbuild+start' ]
5 info lifecycle texter-db-handler@1.0.0~prebuild+start: texter-db-handler@1.0.0
6 silly lifecycle texter-db-handler@1.0.0~prebuild+start: no script for prebuild+start, continuing
7 info lifecycle texter-db-handler@1.0.0~build+start: texter-db-handler@1.0.0
8 verbose lifecycle texter-db-handler@1.0.0~build+start: unsafe-perm in lifecycle true
9 verbose lifecycle texter-db-handler@1.0.0~build+start: PATH: /usr/share/npm/bin/node-gyp-bin:/media/topchetoeu/DATA1/Webpages/users/node_modules/.bin:/usr/local/sbin:/usr/local/bin:/usr/sbin:/usr/bin:/sbin:/bin:/usr/games:/usr/local/games:/snap/bin
10 verbose lifecycle texter-db-handler@1.0.0~build+start: CWD: /media/topchetoeu/DATA1/Webpages/users
11 silly lifecycle texter-db-handler@1.0.0~build+start: Args: [ '-c', 'tsc && node ./dist/app.js' ]
12 silly lifecycle texter-db-handler@1.0.0~build+start: Returned: code: 2  signal: null
13 info lifecycle texter-db-handler@1.0.0~build+start: Failed to exec build+start script
14 verbose stack Error: texter-db-handler@1.0.0 build+start: `tsc && node ./dist/app.js`
14 verbose stack Exit status 2
14 verbose stack     at EventEmitter.<anonymous> (/usr/share/npm/lib/utils/lifecycle.js:232:16)
14 verbose stack     at emitTwo (events.js:126:13)
14 verbose stack     at EventEmitter.emit (events.js:214:7)
14 verbose stack     at ChildProcess.<anonymous> (/usr/share/npm/lib/utils/spawn.js:24:14)
14 verbose stack     at emitTwo (events.js:126:13)
14 verbose stack     at ChildProcess.emit (events.js:214:7)
14 verbose stack     at maybeClose (internal/child_process.js:925:16)
14 verbose stack     at Process.ChildProcess._handle.onexit (internal/child_process.js:209:5)
15 verbose pkgid texter-db-handler@1.0.0
16 verbose cwd /media/topchetoeu/DATA1/Webpages/users
17 error Linux 5.0.0-32-generic
18 error argv "/usr/bin/node" "/usr/bin/npm" "run" "build+start"
19 error node v8.10.0
20 error npm  v3.5.2
21 error code ELIFECYCLE
22 error texter-db-handler@1.0.0 build+start: `tsc && node ./dist/app.js`
22 error Exit status 2
23 error Failed at the texter-db-handler@1.0.0 build+start script 'tsc && node ./dist/app.js'.
23 error Make sure you have the latest version of node.js and npm installed.
23 error If you do, this is most likely a problem with the texter-db-handler package,
23 error not with npm itself.
23 error Tell the author that this fails on your system:
23 error     tsc && node ./dist/app.js
23 error You can get information on how to open an issue for this project with:
23 error     npm bugs texter-db-handler
23 error Or if that isn't available, you can get their info via:
23 error     npm owner ls texter-db-handler
23 error There is likely additional logging output above.
24 verbose exit [ 1, true ]
